<?xml version="1.0" encoding="UTF-8"?>
<testsuite xmlns:xsi="http://www.w3.org/2001/XMLSchema-instance" xsi:noNamespaceSchemaLocation="https://maven.apache.org/surefire/maven-surefire-plugin/xsd/surefire-test-report-3.0.xsd" version="3.0" name="TestSuite" time="12.273" tests="1" errors="0" skipped="0" failures="0">
  <properties>
    <property name="sun.desktop" value="gnome"/>
    <property name="awt.toolkit" value="sun.awt.X11.XToolkit"/>
    <property name="file.encoding.pkg" value="sun.io"/>
    <property name="java.specification.version" value="1.8"/>
    <property name="webdriver.chrome.driver" value="/home/pavankumar/.cache/selenium/chromedriver/linux64/98.0.4758.102/chromedriver"/>
    <property name="sun.cpu.isalist" value=""/>
    <property name="sun.jnu.encoding" value="UTF-8"/>
    <property name="java.class.path" value="/home/pavankumar/practices/java_practice/SeleniumAutomation/target/test-classes:/home/pavankumar/practices/java_practice/SeleniumAutomation/target/classes:/home/pavankumar/.m2/repository/org/testng/testng/7.5/testng-7.5.jar:/home/pavankumar/.m2/repository/com/google/code/findbugs/jsr305/3.0.1/jsr305-3.0.1.jar:/home/pavankumar/.m2/repository/org/slf4j/slf4j-api/1.7.32/slf4j-api-1.7.32.jar:/home/pavankumar/.m2/repository/com/beust/jcommander/1.78/jcommander-1.78.jar:/home/pavankumar/.m2/repository/org/webjars/jquery/3.5.1/jquery-3.5.1.jar:/home/pavankumar/.m2/repository/org/seleniumhq/selenium/selenium-java/3.141.59/selenium-java-3.141.59.jar:/home/pavankumar/.m2/repository/org/seleniumhq/selenium/selenium-api/3.141.59/selenium-api-3.141.59.jar:/home/pavankumar/.m2/repository/org/seleniumhq/selenium/selenium-chrome-driver/3.141.59/selenium-chrome-driver-3.141.59.jar:/home/pavankumar/.m2/repository/org/seleniumhq/selenium/selenium-edge-driver/3.141.59/selenium-edge-driver-3.141.59.jar:/home/pavankumar/.m2/repository/org/seleniumhq/selenium/selenium-firefox-driver/3.141.59/selenium-firefox-driver-3.141.59.jar:/home/pavankumar/.m2/repository/org/seleniumhq/selenium/selenium-ie-driver/3.141.59/selenium-ie-driver-3.141.59.jar:/home/pavankumar/.m2/repository/org/seleniumhq/selenium/selenium-opera-driver/3.141.59/selenium-opera-driver-3.141.59.jar:/home/pavankumar/.m2/repository/org/seleniumhq/selenium/selenium-remote-driver/3.141.59/selenium-remote-driver-3.141.59.jar:/home/pavankumar/.m2/repository/org/seleniumhq/selenium/selenium-safari-driver/3.141.59/selenium-safari-driver-3.141.59.jar:/home/pavankumar/.m2/repository/org/seleniumhq/selenium/selenium-support/3.141.59/selenium-support-3.141.59.jar:/home/pavankumar/.m2/repository/net/bytebuddy/byte-buddy/1.8.15/byte-buddy-1.8.15.jar:/home/pavankumar/.m2/repository/org/apache/commons/commons-exec/1.3/commons-exec-1.3.jar:/home/pavankumar/.m2/repository/com/google/guava/guava/25.0-jre/guava-25.0-jre.jar:/home/pavankumar/.m2/repository/org/checkerframework/checker-compat-qual/2.0.0/checker-compat-qual-2.0.0.jar:/home/pavankumar/.m2/repository/com/google/errorprone/error_prone_annotations/2.1.3/error_prone_annotations-2.1.3.jar:/home/pavankumar/.m2/repository/com/google/j2objc/j2objc-annotations/1.1/j2objc-annotations-1.1.jar:/home/pavankumar/.m2/repository/org/codehaus/mojo/animal-sniffer-annotations/1.14/animal-sniffer-annotations-1.14.jar:/home/pavankumar/.m2/repository/com/squareup/okhttp3/okhttp/3.11.0/okhttp-3.11.0.jar:/home/pavankumar/.m2/repository/com/squareup/okio/okio/1.14.0/okio-1.14.0.jar:/home/pavankumar/.m2/repository/io/github/bonigarcia/webdrivermanager/4.4.3/webdrivermanager-4.4.3.jar:/home/pavankumar/.m2/repository/commons-io/commons-io/2.8.0/commons-io-2.8.0.jar:/home/pavankumar/.m2/repository/com/google/code/gson/gson/2.8.6/gson-2.8.6.jar:/home/pavankumar/.m2/repository/org/apache/commons/commons-lang3/3.12.0/commons-lang3-3.12.0.jar:/home/pavankumar/.m2/repository/org/apache/httpcomponents/client5/httpclient5/5.0.3/httpclient5-5.0.3.jar:/home/pavankumar/.m2/repository/org/apache/httpcomponents/core5/httpcore5/5.0.2/httpcore5-5.0.2.jar:/home/pavankumar/.m2/repository/org/apache/httpcomponents/core5/httpcore5-h2/5.0.2/httpcore5-h2-5.0.2.jar:/home/pavankumar/.m2/repository/commons-codec/commons-codec/1.13/commons-codec-1.13.jar:/home/pavankumar/.m2/repository/org/rauschig/jarchivelib/1.1.0/jarchivelib-1.1.0.jar:/home/pavankumar/.m2/repository/org/apache/commons/commons-compress/1.20/commons-compress-1.20.jar:/home/pavankumar/.m2/repository/org/jsoup/jsoup/1.13.1/jsoup-1.13.1.jar:"/>
    <property name="java.vm.vendor" value="Oracle Corporation"/>
    <property name="sun.arch.data.model" value="64"/>
    <property name="java.vendor.url" value="http://java.oracle.com/"/>
    <property name="user.timezone" value="Asia/Kolkata"/>
    <property name="java.vm.specification.version" value="1.8"/>
    <property name="os.name" value="Linux"/>
    <property name="user.country" value="US"/>
    <property name="sun.java.launcher" value="SUN_STANDARD"/>
    <property name="sun.boot.library.path" value="/usr/lib/jvm/jdk1.8.0_321/jre/lib/amd64"/>
    <property name="sun.java.command" value="/home/pavankumar/practices/java_practice/SeleniumAutomation/target/surefire/surefirebooter8668891885550083965.jar /home/pavankumar/practices/java_practice/SeleniumAutomation/target/surefire 2022-03-15T20-27-04_019-jvmRun1 surefire5621188887506107217tmp surefire_02441151134076081763tmp"/>
    <property name="surefire.test.class.path" value="/home/pavankumar/practices/java_practice/SeleniumAutomation/target/test-classes:/home/pavankumar/practices/java_practice/SeleniumAutomation/target/classes:/home/pavankumar/.m2/repository/org/testng/testng/7.5/testng-7.5.jar:/home/pavankumar/.m2/repository/com/google/code/findbugs/jsr305/3.0.1/jsr305-3.0.1.jar:/home/pavankumar/.m2/repository/org/slf4j/slf4j-api/1.7.32/slf4j-api-1.7.32.jar:/home/pavankumar/.m2/repository/com/beust/jcommander/1.78/jcommander-1.78.jar:/home/pavankumar/.m2/repository/org/webjars/jquery/3.5.1/jquery-3.5.1.jar:/home/pavankumar/.m2/repository/org/seleniumhq/selenium/selenium-java/3.141.59/selenium-java-3.141.59.jar:/home/pavankumar/.m2/repository/org/seleniumhq/selenium/selenium-api/3.141.59/selenium-api-3.141.59.jar:/home/pavankumar/.m2/repository/org/seleniumhq/selenium/selenium-chrome-driver/3.141.59/selenium-chrome-driver-3.141.59.jar:/home/pavankumar/.m2/repository/org/seleniumhq/selenium/selenium-edge-driver/3.141.59/selenium-edge-driver-3.141.59.jar:/home/pavankumar/.m2/repository/org/seleniumhq/selenium/selenium-firefox-driver/3.141.59/selenium-firefox-driver-3.141.59.jar:/home/pavankumar/.m2/repository/org/seleniumhq/selenium/selenium-ie-driver/3.141.59/selenium-ie-driver-3.141.59.jar:/home/pavankumar/.m2/repository/org/seleniumhq/selenium/selenium-opera-driver/3.141.59/selenium-opera-driver-3.141.59.jar:/home/pavankumar/.m2/repository/org/seleniumhq/selenium/selenium-remote-driver/3.141.59/selenium-remote-driver-3.141.59.jar:/home/pavankumar/.m2/repository/org/seleniumhq/selenium/selenium-safari-driver/3.141.59/selenium-safari-driver-3.141.59.jar:/home/pavankumar/.m2/repository/org/seleniumhq/selenium/selenium-support/3.141.59/selenium-support-3.141.59.jar:/home/pavankumar/.m2/repository/net/bytebuddy/byte-buddy/1.8.15/byte-buddy-1.8.15.jar:/home/pavankumar/.m2/repository/org/apache/commons/commons-exec/1.3/commons-exec-1.3.jar:/home/pavankumar/.m2/repository/com/google/guava/guava/25.0-jre/guava-25.0-jre.jar:/home/pavankumar/.m2/repository/org/checkerframework/checker-compat-qual/2.0.0/checker-compat-qual-2.0.0.jar:/home/pavankumar/.m2/repository/com/google/errorprone/error_prone_annotations/2.1.3/error_prone_annotations-2.1.3.jar:/home/pavankumar/.m2/repository/com/google/j2objc/j2objc-annotations/1.1/j2objc-annotations-1.1.jar:/home/pavankumar/.m2/repository/org/codehaus/mojo/animal-sniffer-annotations/1.14/animal-sniffer-annotations-1.14.jar:/home/pavankumar/.m2/repository/com/squareup/okhttp3/okhttp/3.11.0/okhttp-3.11.0.jar:/home/pavankumar/.m2/repository/com/squareup/okio/okio/1.14.0/okio-1.14.0.jar:/home/pavankumar/.m2/repository/io/github/bonigarcia/webdrivermanager/4.4.3/webdrivermanager-4.4.3.jar:/home/pavankumar/.m2/repository/commons-io/commons-io/2.8.0/commons-io-2.8.0.jar:/home/pavankumar/.m2/repository/com/google/code/gson/gson/2.8.6/gson-2.8.6.jar:/home/pavankumar/.m2/repository/org/apache/commons/commons-lang3/3.12.0/commons-lang3-3.12.0.jar:/home/pavankumar/.m2/repository/org/apache/httpcomponents/client5/httpclient5/5.0.3/httpclient5-5.0.3.jar:/home/pavankumar/.m2/repository/org/apache/httpcomponents/core5/httpcore5/5.0.2/httpcore5-5.0.2.jar:/home/pavankumar/.m2/repository/org/apache/httpcomponents/core5/httpcore5-h2/5.0.2/httpcore5-h2-5.0.2.jar:/home/pavankumar/.m2/repository/commons-codec/commons-codec/1.13/commons-codec-1.13.jar:/home/pavankumar/.m2/repository/org/rauschig/jarchivelib/1.1.0/jarchivelib-1.1.0.jar:/home/pavankumar/.m2/repository/org/apache/commons/commons-compress/1.20/commons-compress-1.20.jar:/home/pavankumar/.m2/repository/org/jsoup/jsoup/1.13.1/jsoup-1.13.1.jar:"/>
    <property name="sun.cpu.endian" value="little"/>
    <property name="user.home" value="/home/pavankumar"/>
    <property name="user.language" value="en"/>
    <property name="java.specification.vendor" value="Oracle Corporation"/>
    <property name="java.home" value="/usr/lib/jvm/jdk1.8.0_321/jre"/>
    <property name="basedir" value="/home/pavankumar/practices/java_practice/SeleniumAutomation"/>
    <property name="file.separator" value="/"/>
    <property name="line.separator" value="&#10;"/>
    <property name="java.vm.specification.vendor" value="Oracle Corporation"/>
    <property name="java.specification.name" value="Java Platform API Specification"/>
    <property name="java.awt.graphicsenv" value="sun.awt.X11GraphicsEnvironment"/>
    <property name="surefire.real.class.path" value="/home/pavankumar/practices/java_practice/SeleniumAutomation/target/surefire/surefirebooter8668891885550083965.jar"/>
    <property name="sun.boot.class.path" value="/usr/lib/jvm/jdk1.8.0_321/jre/lib/resources.jar:/usr/lib/jvm/jdk1.8.0_321/jre/lib/rt.jar:/usr/lib/jvm/jdk1.8.0_321/jre/lib/sunrsasign.jar:/usr/lib/jvm/jdk1.8.0_321/jre/lib/jsse.jar:/usr/lib/jvm/jdk1.8.0_321/jre/lib/jce.jar:/usr/lib/jvm/jdk1.8.0_321/jre/lib/charsets.jar:/usr/lib/jvm/jdk1.8.0_321/jre/lib/jfr.jar:/usr/lib/jvm/jdk1.8.0_321/jre/classes"/>
    <property name="sun.management.compiler" value="HotSpot 64-Bit Tiered Compilers"/>
    <property name="java.runtime.version" value="1.8.0_321-b07"/>
    <property name="user.name" value="pavankumar"/>
    <property name="path.separator" value=":"/>
    <property name="os.version" value="5.15.15-76051515-generic"/>
    <property name="java.endorsed.dirs" value="/usr/lib/jvm/jdk1.8.0_321/jre/lib/endorsed"/>
    <property name="java.runtime.name" value="Java(TM) SE Runtime Environment"/>
    <property name="file.encoding" value="UTF-8"/>
    <property name="java.vm.name" value="Java HotSpot(TM) 64-Bit Server VM"/>
    <property name="localRepository" value="/home/pavankumar/.m2/repository"/>
    <property name="java.vendor.url.bug" value="http://bugreport.sun.com/bugreport/"/>
    <property name="java.io.tmpdir" value="/tmp"/>
    <property name="java.version" value="1.8.0_321"/>
    <property name="user.dir" value="/home/pavankumar/practices/java_practice/SeleniumAutomation"/>
    <property name="os.arch" value="amd64"/>
    <property name="java.vm.specification.name" value="Java Virtual Machine Specification"/>
    <property name="java.awt.printerjob" value="sun.print.PSPrinterJob"/>
    <property name="sun.os.patch.level" value="unknown"/>
    <property name="java.library.path" value="/usr/java/packages/lib/amd64:/usr/lib64:/lib64:/lib:/usr/lib"/>
    <property name="java.vm.info" value="mixed mode"/>
    <property name="java.vendor" value="Oracle Corporation"/>
    <property name="java.vm.version" value="25.321-b07"/>
    <property name="java.ext.dirs" value="/usr/lib/jvm/jdk1.8.0_321/jre/lib/ext:/usr/java/packages/lib/ext"/>
    <property name="sun.io.unicode.encoding" value="UnicodeLittle"/>
    <property name="java.class.version" value="52.0"/>
  </properties>
  <testcase name="test" classname="org.example.LoginTest" time="11.101">
    <system-err><![CDATA[SLF4J: Failed to load class "org.slf4j.impl.StaticLoggerBinder".
SLF4J: Defaulting to no-operation (NOP) logger implementation
SLF4J: See http://www.slf4j.org/codes.html#StaticLoggerBinder for further details.
Starting ChromeDriver 98.0.4758.102 (273bf7ac8c909cde36982d27f66f3c70846a3718-refs/branch-heads/4758@{#1151}) on port 18277
Only local connections are allowed.
Please see https://chromedriver.chromium.org/security-considerations for suggestions on keeping ChromeDriver safe.
ChromeDriver was started successfully.
Mar 15, 2022 8:27:14 PM org.openqa.selenium.remote.ProtocolHandshake createSession
INFO: Detected dialect: W3C
]]></system-err>
  </testcase>
</testsuite>