<?xml version="1.0" encoding="UTF-8"?>
<!-- Generated by org.testng.reporters.JUnitReportReporter -->
<testsuite skipped="0" hostname="pop-os" name="org.example.LoginTest" tests="1" failures="0" timestamp="2022-03-15T20:27:17 IST" time="11.063" errors="0">
  <testcase name="test" time="11.063" classname="org.example.LoginTest"/>
  <system-out/>
</testsuite> <!-- org.example.LoginTest -->
